2025-12-27 19:32:34,014 - --- ADF Test for d=0 ---
2025-12-27 19:32:34,014 - ADF Statistic: 3.14518568930675
2025-12-27 19:32:34,014 - p-value: 1.0
2025-12-27 19:32:34,014 - Conclusion: Non-stationary
2025-12-27 19:32:34,014 - ----------------------------------------
2025-12-27 19:32:34,020 - --- ADF Test for d=1 ---
2025-12-27 19:32:34,020 - ADF Statistic: -2.495172147449788
2025-12-27 19:32:34,021 - p-value: 0.11665341686467584
2025-12-27 19:32:34,021 - Conclusion: Non-stationary
2025-12-27 19:32:34,021 - ----------------------------------------
2025-12-27 19:32:34,026 - --- ADF Test for d=2 ---
2025-12-27 19:32:34,026 - ADF Statistic: -10.292304706517312
2025-12-27 19:32:34,026 - p-value: 3.5439163585295715e-18
2025-12-27 19:32:34,026 - Conclusion: Stationary
2025-12-27 19:32:34,026 - ----------------------------------------
2025-12-28 18:58:36,615 - --- ADF Test for d=0 ---
2025-12-28 18:58:36,615 - ADF Statistic: 3.14518568930675
2025-12-28 18:58:36,615 - p-value: 1.0
2025-12-28 18:58:36,615 - Conclusion: Non-stationary
2025-12-28 18:58:36,615 - ----------------------------------------
2025-12-28 18:58:36,624 - --- ADF Test for d=1 ---
2025-12-28 18:58:36,624 - ADF Statistic: -2.495172147449788
2025-12-28 18:58:36,624 - p-value: 0.11665341686467584
2025-12-28 18:58:36,624 - Conclusion: Non-stationary
2025-12-28 18:58:36,624 - ----------------------------------------
2025-12-28 18:58:36,630 - --- ADF Test for d=2 ---
2025-12-28 18:58:36,630 - ADF Statistic: -10.292304706517312
2025-12-28 18:58:36,630 - p-value: 3.5439163585295715e-18
2025-12-28 18:58:36,630 - Conclusion: Stationary
2025-12-28 18:58:36,630 - ----------------------------------------
