2025-12-27 19:32:33,568 - === START ARIMA & SARIMA PIPELINE ===
2025-12-27 19:32:33,568 - Loading data from C:\Users\Admin\Desktop\timeseries\practice\statistical_model\data\monthlyretailsales.csv
2025-12-27 19:32:34,007 - Saved figure: 01_original_series.png
2025-12-27 19:32:34,014 - Differencing with order d=1
2025-12-27 19:32:34,021 - p-value > 0.05, trying d=2...
2025-12-27 19:32:34,021 - Differencing with order d=2
2025-12-27 19:32:34,350 - Saved figure: 03_acf_pacf.png
2025-12-27 19:32:34,372 - Train size: 163, Test size: 41
2025-12-27 19:32:34,372 - Fitting ARIMA(2, 2, 1)
2025-12-27 19:32:34,559 - Fitting SARIMA(1, 2, 1)x(1, 1, 1, 12)
2025-12-27 19:32:35,589 - Generating diagnostics for ARIMA...
2025-12-27 19:32:35,856 - Saved figure: 04_residuals_(2, 2, 1).png
2025-12-27 19:32:36,092 - Saved figure: 05_residuals_acf_(2, 2, 1).png
2025-12-27 19:32:36,092 - Generating diagnostics for SARIMA...
2025-12-27 19:32:36,361 - Saved figure: 04_residuals_(1, 2, 1, 12).png
2025-12-27 19:32:36,583 - Saved figure: 05_residuals_acf_(1, 2, 1, 12).png
2025-12-27 19:32:36,583 - Forecasting 41 steps
2025-12-27 19:32:36,588 - Forecasting 41 steps
2025-12-27 19:32:36,594 - --- SO SÁNH AIC ---
2025-12-27 19:32:36,594 - ARIMA AIC: 597.03
2025-12-27 19:32:36,594 - SARIMA AIC: 279.03
2025-12-27 19:32:36,951 - Saved figure: 07_comparison_forecast.png
2025-12-27 19:32:36,951 - === END PIPELINE ===
