2025-12-28 18:58:35,268 - === START ARIMA & SARIMA PIPELINE ===
2025-12-28 18:58:35,268 - Loading data from C:\Users\Admin\Desktop\timeseries\practice\statistical_model\data\monthlyretailsales.csv
2025-12-28 18:58:36,600 - Saved figure: 01_original_series.png
2025-12-28 18:58:36,615 - Differencing with order d=1
2025-12-28 18:58:36,624 - p-value > 0.05, trying d=2...
2025-12-28 18:58:36,624 - Differencing with order d=2
2025-12-28 18:58:36,964 - Saved figure: 03_acf_pacf.png
2025-12-28 18:58:36,987 - Train size: 163, Test size: 41
2025-12-28 18:58:36,987 - Fitting ARIMA(2, 2, 1)
2025-12-28 18:58:37,228 - Fitting SARIMA(1, 2, 1)x(1, 1, 1, 12)
2025-12-28 18:58:38,155 - Generating diagnostics for ARIMA...
2025-12-28 18:58:38,488 - Saved figure: 04_residuals_(2, 2, 1).png
2025-12-28 18:58:38,743 - Saved figure: 05_residuals_acf_(2, 2, 1).png
2025-12-28 18:58:38,743 - Generating diagnostics for SARIMA...
2025-12-28 18:58:39,026 - Saved figure: 04_residuals_(1, 2, 1, 12).png
2025-12-28 18:58:39,290 - Saved figure: 05_residuals_acf_(1, 2, 1, 12).png
2025-12-28 18:58:39,290 - Forecasting 41 steps
2025-12-28 18:58:39,299 - Forecasting 41 steps
2025-12-28 18:58:39,304 - --- SO SÁNH AIC ---
2025-12-28 18:58:39,304 - ARIMA AIC: 597.03
2025-12-28 18:58:39,304 - SARIMA AIC: 279.03
2025-12-28 18:58:39,686 - Saved figure: 07_comparison_forecast.png
2025-12-28 18:58:39,686 - === END PIPELINE ===
